This is pdfTeX, Version 3.141592653-2.6-1.40.27 (MiKTeX 25.3) (preloaded format=pdflatex 2025.4.16)  23 APR 2026 19:05
entering extended mode
 restricted \write18 enabled.
 file:line:error style messages enabled.
 %&-line parsing enabled.
**c:/Users/gusfl/Downloads/4_SEMESTER/FUNDAMENTOS_ELECTRONICA/PROYECTO/1MV12_FE_PROYECTO1_FCGM_MRAY_MVME.tex
(c:/Users/gusfl/Downloads/4_SEMESTER/FUNDAMENTOS_ELECTRONICA/PROYECTO/1MV12_FE_PROYECTO1_FCGM_MRAY_MVME.tex
LaTeX2e <2024-11-01> patch level 2
L3 programming layer <2025-03-26>
(C:\Users\gusfl\AppData\Local\Programs\MiKTeX\tex/latex/ieeetran\IEEEtran.cls
Document Class: IEEEtran 2015/08/26 V1.8b by Michael Shell
-- See the "IEEEtran_HOWTO" manual for usage information.
-- http://www.michaelshell.org/tex/ieeetran/
\@IEEEtrantmpdimenA=\dimen146
\@IEEEtrantmpdimenB=\dimen147
\@IEEEtrantmpdimenC=\dimen148
\@IEEEtrantmpcountA=\count197
\@IEEEtrantmpcountB=\count198
\@IEEEtrantmpcountC=\count199
\@IEEEtrantmptoksA=\toks17
LaTeX Font Info:    Trying to load font information for OT1+ptm on input line 503.
(C:\Users\gusfl\AppData\Local\Programs\MiKTeX\tex/latex/psnfss\ot1ptm.fd
File: ot1ptm.fd 2001/06/04 font definitions for OT1/ptm.
)
-- Using 8.5in x 11in (letter) paper.
-- Using PDF output.
\@IEEEnormalsizeunitybaselineskip=\dimen149
-- This is a 10 point document.
\CLASSINFOnormalsizebaselineskip=\dimen150
\CLASSINFOnormalsizeunitybaselineskip=\dimen151
\IEEEnormaljot=\dimen152
LaTeX Font Info:    Font shape `OT1/ptm/bx/n' in size <5> not available
(Font)              Font shape `OT1/ptm/b/n' tried instead on input line 1090.
LaTeX Font Info:    Font shape `OT1/ptm/bx/it' in size <5> not available
(Font)              Font shape `OT1/ptm/b/it' tried instead on input line 1090.
LaTeX Font Info:    Font shape `OT1/ptm/bx/n' in size <7> not available
(Font)              Font shape `OT1/ptm/b/n' tried instead on input line 1090.
LaTeX Font Info:    Font shape `OT1/ptm/bx/it' in size <7> not available
(Font)              Font shape `OT1/ptm/b/it' tried instead on input line 1090.
LaTeX Font Info:    Font shape `OT1/ptm/bx/n' in size <8> not available
(Font)              Font shape `OT1/ptm/b/n' tried instead on input line 1090.
LaTeX Font Info:    Font shape `OT1/ptm/bx/it' in size <8> not available
(Font)              Font shape `OT1/ptm/b/it' tried instead on input line 1090.
LaTeX Font Info:    Font shape `OT1/ptm/bx/n' in size <9> not available
(Font)              Font shape `OT1/ptm/b/n' tried instead on input line 1090.
LaTeX Font Info:    Font shape `OT1/ptm/bx/it' in size <9> not available
(Font)              Font shape `OT1/ptm/b/it' tried instead on input line 1090.
LaTeX Font Info:    Font shape `OT1/ptm/bx/n' in size <10> not available
(Font)              Font shape `OT1/ptm/b/n' tried instead on input line 1090.
LaTeX Font Info:    Font shape `OT1/ptm/bx/it' in size <10> not available
(Font)              Font shape `OT1/ptm/b/it' tried instead on input line 1090.
LaTeX Font Info:    Font shape `OT1/ptm/bx/n' in size <11> not available
(Font)              Font shape `OT1/ptm/b/n' tried instead on input line 1090.
LaTeX Font Info:    Font shape `OT1/ptm/bx/it' in size <11> not available
(Font)              Font shape `OT1/ptm/b/it' tried instead on input line 1090.
LaTeX Font Info:    Font shape `OT1/ptm/bx/n' in size <12> not available
(Font)              Font shape `OT1/ptm/b/n' tried instead on input line 1090.
LaTeX Font Info:    Font shape `OT1/ptm/bx/it' in size <12> not available
(Font)              Font shape `OT1/ptm/b/it' tried instead on input line 1090.
LaTeX Font Info:    Font shape `OT1/ptm/bx/n' in size <17> not available
(Font)              Font shape `OT1/ptm/b/n' tried instead on input line 1090.
LaTeX Font Info:    Font shape `OT1/ptm/bx/it' in size <17> not available
(Font)              Font shape `OT1/ptm/b/it' tried instead on input line 1090.
LaTeX Font Info:    Font shape `OT1/ptm/bx/n' in size <20> not available
(Font)              Font shape `OT1/ptm/b/n' tried instead on input line 1090.
LaTeX Font Info:    Font shape `OT1/ptm/bx/it' in size <20> not available
(Font)              Font shape `OT1/ptm/b/it' tried instead on input line 1090.
LaTeX Font Info:    Font shape `OT1/ptm/bx/n' in size <24> not available
(Font)              Font shape `OT1/ptm/b/n' tried instead on input line 1090.
LaTeX Font Info:    Font shape `OT1/ptm/bx/it' in size <24> not available
(Font)              Font shape `OT1/ptm/b/it' tried instead on input line 1090.
\IEEEquantizedlength=\dimen153
\IEEEquantizedlengthdiff=\dimen154
\IEEEquantizedtextheightdiff=\dimen155
\IEEEilabelindentA=\dimen156
\IEEEilabelindentB=\dimen157
\IEEEilabelindent=\dimen158
\IEEEelabelindent=\dimen159
\IEEEdlabelindent=\dimen160
\IEEElabelindent=\dimen161
\IEEEiednormlabelsep=\dimen162
\IEEEiedmathlabelsep=\dimen163
\IEEEiedtopsep=\skip49
\c@section=\count266
\c@subsection=\count267
\c@subsubsection=\count268
\c@paragraph=\count269
\c@IEEEsubequation=\count270
\abovecaptionskip=\skip50
\belowcaptionskip=\skip51
\c@figure=\count271
\c@table=\count272
\@IEEEeqnnumcols=\count273
\@IEEEeqncolcnt=\count274
\@IEEEsubeqnnumrollback=\count275
\@IEEEquantizeheightA=\dimen164
\@IEEEquantizeheightB=\dimen165
\@IEEEquantizeheightC=\dimen166
\@IEEEquantizeprevdepth=\dimen167
\@IEEEquantizemultiple=\count276
\@IEEEquantizeboxA=\box53
\@IEEEtmpitemindent=\dimen168
\IEEEPARstartletwidth=\dimen169
\c@IEEEbiography=\count277
\@IEEEtranrubishbin=\box54
) (C:\Users\gusfl\AppData\Local\Programs\MiKTeX\tex/latex/biblatex\biblatex.sty
Package: biblatex 2024/03/21 v3.20 programmable bibliographies (PK/MW)
 (C:\Users\gusfl\AppData\Local\Programs\MiKTeX\tex/generic/pdftexcmds\pdftexcmds.sty
Package: pdftexcmds 2020-06-27 v0.33 Utility functions of pdfTeX for LuaTeX (HO)
 (C:\Users\gusfl\AppData\Local\Programs\MiKTeX\tex/generic/infwarerr\infwarerr.sty
Package: infwarerr 2019/12/03 v1.5 Providing info/warning/error messages (HO)
) (C:\Users\gusfl\AppData\Local\Programs\MiKTeX\tex/generic/iftex\iftex.sty
Package: iftex 2024/12/12 v1.0g TeX engine tests
) (C:\Users\gusfl\AppData\Local\Programs\MiKTeX\tex/generic/ltxcmds\ltxcmds.sty
Package: ltxcmds 2023-12-04 v1.26 LaTeX kernel commands for general use (HO)
)
Package pdftexcmds Info: \pdf@primitive is available.
Package pdftexcmds Info: \pdf@ifprimitive is available.
Package pdftexcmds Info: \pdfdraftmode found.
) (C:\Users\gusfl\AppData\Local\Programs\MiKTeX\tex/latex/etoolbox\etoolbox.sty
Package: etoolbox 2025/02/11 v2.5l e-TeX tools for LaTeX (JAW)
\etb@tempcnta=\count278
) (C:\Users\gusfl\AppData\Local\Programs\MiKTeX\tex/latex/graphics\keyval.sty
Package: keyval 2022/05/29 v1.15 key=value parser (DPC)
\KV@toks@=\toks18
) (C:\Users\gusfl\AppData\Local\Programs\MiKTeX\tex/latex/kvoptions\kvoptions.sty
Package: kvoptions 2022-06-15 v3.15 Key value format for package options (HO)
 (C:\Users\gusfl\AppData\Local\Programs\MiKTeX\tex/latex/kvsetkeys\kvsetkeys.sty
Package: kvsetkeys 2022-10-05 v1.19 Key value parser (HO)
)) (C:\Users\gusfl\AppData\Local\Programs\MiKTeX\tex/latex/logreq\logreq.sty
Package: logreq 2010/08/04 v1.0 xml request logger
\lrq@indent=\count279
 (C:\Users\gusfl\AppData\Local\Programs\MiKTeX\tex/latex/logreq\logreq.def
File: logreq.def 2010/08/04 v1.0 logreq spec v1.0
)) (C:\Users\gusfl\AppData\Local\Programs\MiKTeX\tex/latex/base\ifthen.sty
Package: ifthen 2024/03/16 v1.1e Standard LaTeX ifthen package (DPC)
) (C:\Users\gusfl\AppData\Local\Programs\MiKTeX\tex/latex/url\url.sty
\Urlmuskip=\muskip17
Package: url 2013/09/16  ver 3.4  Verb mode for urls, etc.
)
\c@tabx@nest=\count280
\c@listtotal=\count281
\c@listcount=\count282
\c@liststart=\count283
\c@liststop=\count284
\c@citecount=\count285
\c@citetotal=\count286
\c@multicitecount=\count287
\c@multicitetotal=\count288
\c@instcount=\count289
\c@maxnames=\count290
\c@minnames=\count291
\c@maxitems=\count292
\c@minitems=\count293
\c@citecounter=\count294
\c@maxcitecounter=\count295
\c@savedcitecounter=\count296
\c@uniquelist=\count297
\c@uniquename=\count298
\c@refsection=\count299
\c@refsegment=\count300
\c@maxextratitle=\count301
\c@maxextratitleyear=\count302
\c@maxextraname=\count303
\c@maxextradate=\count304
\c@maxextraalpha=\count305
\c@abbrvpenalty=\count306
\c@highnamepenalty=\count307
\c@lownamepenalty=\count308
\c@maxparens=\count309
\c@parenlevel=\count310
\blx@tempcnta=\count311
\blx@tempcntb=\count312
\blx@tempcntc=\count313
\c@blx@maxsection=\count314
\blx@maxsegment@0=\count315
\blx@notetype=\count316
\blx@parenlevel@text=\count317
\blx@parenlevel@foot=\count318
\blx@sectionciteorder@0=\count319
\blx@sectionciteorderinternal@0=\count320
\blx@entrysetcounter=\count321
\blx@biblioinstance=\count322
\labelnumberwidth=\skip52
\labelalphawidth=\skip53
\biblabelsep=\skip54
\bibitemsep=\skip55
\bibnamesep=\skip56
\bibinitsep=\skip57
\bibparsep=\skip58
\bibhang=\skip59
\blx@bcfin=\read2
\blx@bcfout=\write3
\blx@langwohyphens=\language79
\c@mincomprange=\count323
\c@maxcomprange=\count324
\c@mincompwidth=\count325
Package biblatex Info: Trying to load biblatex default data model...
Package biblatex Info: ... file 'blx-dm.def' found.
 (C:\Users\gusfl\AppData\Local\Programs\MiKTeX\tex/latex/biblatex\blx-dm.def
File: blx-dm.def 2024/03/21 v3.20 biblatex datamodel (PK/MW)
)
Package biblatex Info: Trying to load biblatex style data model...
Package biblatex Info: ... file 'ieee.dbx' not found.
Package biblatex Info: Trying to load biblatex custom data model...
Package biblatex Info: ... file 'biblatex-dm.cfg' not found.
\c@afterword=\count326
\c@savedafterword=\count327
\c@annotator=\count328
\c@savedannotator=\count329
\c@author=\count330
\c@savedauthor=\count331
\c@bookauthor=\count332
\c@savedbookauthor=\count333
\c@commentator=\count334
\c@savedcommentator=\count335
\c@editor=\count336
\c@savededitor=\count337
\c@editora=\count338
\c@savededitora=\count339
\c@editorb=\count340
\c@savededitorb=\count341
\c@editorc=\count342
\c@savededitorc=\count343
\c@foreword=\count344
\c@savedforeword=\count345
\c@holder=\count346
\c@savedholder=\count347
\c@introduction=\count348
\c@savedintroduction=\count349
\c@namea=\count350
\c@savednamea=\count351
\c@nameb=\count352
\c@savednameb=\count353
\c@namec=\count354
\c@savednamec=\count355
\c@translator=\count356
\c@savedtranslator=\count357
\c@shortauthor=\count358
\c@savedshortauthor=\count359
\c@shorteditor=\count360
\c@savedshorteditor=\count361
\c@labelname=\count362
\c@savedlabelname=\count363
\c@institution=\count364
\c@savedinstitution=\count365
\c@lista=\count366
\c@savedlista=\count367
\c@listb=\count368
\c@savedlistb=\count369
\c@listc=\count370
\c@savedlistc=\count371
\c@listd=\count372
\c@savedlistd=\count373
\c@liste=\count374
\c@savedliste=\count375
\c@listf=\count376
\c@savedlistf=\count377
\c@location=\count378
\c@savedlocation=\count379
\c@organization=\count380
\c@savedorganization=\count381
\c@origlocation=\count382
\c@savedoriglocation=\count383
\c@origpublisher=\count384
\c@savedorigpublisher=\count385
\c@publisher=\count386
\c@savedpublisher=\count387
\c@language=\count388
\c@savedlanguage=\count389
\c@origlanguage=\count390
\c@savedoriglanguage=\count391
\c@pageref=\count392
\c@savedpageref=\count393
\shorthandwidth=\skip60
\shortjournalwidth=\skip61
\shortserieswidth=\skip62
\shorttitlewidth=\skip63
\shortauthorwidth=\skip64
\shorteditorwidth=\skip65
\locallabelnumberwidth=\skip66
\locallabelalphawidth=\skip67
\localshorthandwidth=\skip68
\localshortjournalwidth=\skip69
\localshortserieswidth=\skip70
\localshorttitlewidth=\skip71
\localshortauthorwidth=\skip72
\localshorteditorwidth=\skip73
Package biblatex Info: Trying to load compatibility code...
Package biblatex Info: ... file 'blx-compat.def' found.
 (C:\Users\gusfl\AppData\Local\Programs\MiKTeX\tex/latex/biblatex\blx-compat.def
File: blx-compat.def 2024/03/21 v3.20 biblatex compatibility (PK/MW)
)
Package biblatex Info: Trying to load generic definitions...
Package biblatex Info: ... file 'biblatex.def' found.
 (C:\Users\gusfl\AppData\Local\Programs\MiKTeX\tex/latex/biblatex\biblatex.def
File: biblatex.def 2024/03/21 v3.20 biblatex compatibility (PK/MW)
\c@textcitecount=\count394
\c@textcitetotal=\count395
\c@textcitemaxnames=\count396
\c@biburlbigbreakpenalty=\count397
\c@biburlbreakpenalty=\count398
\c@biburlnumpenalty=\count399
\c@biburlucpenalty=\count400
\c@biburllcpenalty=\count401
\biburlbigskip=\muskip18
\biburlnumskip=\muskip19
\biburlucskip=\muskip20
\biburllcskip=\muskip21
\c@smartand=\count402
)
Package biblatex Info: Trying to load bibliography style 'ieee'...
Package biblatex Info: ... file 'ieee.bbx' found.
 (C:\Users\gusfl\AppData\Local\Programs\MiKTeX\tex/latex/biblatex-ieee\ieee.bbx
File: ieee.bbx 2025-08-01 v1.4f biblatex bibliography style
Package biblatex Info: Trying to load bibliography style 'numeric-comp'...
Package biblatex Info: ... file 'numeric-comp.bbx' found.
 (C:\Users\gusfl\AppData\Local\Programs\MiKTeX\tex/latex/biblatex/bbx\numeric-comp.bbx
File: numeric-comp.bbx 2024/03/21 v3.20 biblatex bibliography style (PK/MW)
Package biblatex Info: Trying to load bibliography style 'numeric'...
Package biblatex Info: ... file 'numeric.bbx' found.
 (C:\Users\gusfl\AppData\Local\Programs\MiKTeX\tex/latex/biblatex/bbx\numeric.bbx
File: numeric.bbx 2024/03/21 v3.20 biblatex bibliography style (PK/MW)
Package biblatex Info: Trying to load bibliography style 'standard'...
Package biblatex Info: ... file 'standard.bbx' found.
 (C:\Users\gusfl\AppData\Local\Programs\MiKTeX\tex/latex/biblatex/bbx\standard.bbx
File: standard.bbx 2024/03/21 v3.20 biblatex bibliography style (PK/MW)
\c@bbx:relatedcount=\count403
\c@bbx:relatedtotal=\count404
))))
Package biblatex Info: Trying to load citation style 'ieee'...
Package biblatex Info: ... file 'ieee.cbx' found.
 (C:\Users\gusfl\AppData\Local\Programs\MiKTeX\tex/latex/biblatex-ieee\ieee.cbx
File: ieee.cbx 2025-08-01 v1.4f biblatex citation style
Package biblatex Info: Trying to load citation style 'numeric-verb'...
Package biblatex Info: ... file 'numeric-verb.cbx' found.
 (C:\Users\gusfl\AppData\Local\Programs\MiKTeX\tex/latex/biblatex/cbx\numeric-verb.cbx
File: numeric-verb.cbx 2024/03/21 v3.20 biblatex citation style (PK/MW)
Package biblatex Info: Redefining '\cite'.
Package biblatex Info: Redefining '\parencite'.
Package biblatex Info: Redefining '\footcite'.
Package biblatex Info: Redefining '\footcitetext'.
Package biblatex Info: Redefining '\smartcite'.
Package biblatex Info: Redefining '\textcite'.
Package biblatex Info: Redefining '\supercite'.
Package biblatex Info: Redefining '\parencites'.
Package biblatex Info: Redefining '\smartcites'.
Package biblatex Info: Redefining '\textcites'.
))
Package biblatex Info: Trying to load configuration file...
Package biblatex Info: ... file 'biblatex.cfg' found.
 (C:\Users\gusfl\AppData\Local\Programs\MiKTeX\tex/latex/biblatex\biblatex.cfg
File: biblatex.cfg 
)
Package biblatex Info: Input encoding 'utf8' detected.
Package biblatex Info: Document encoding is UTF8 ....
 (C:\Users\gusfl\AppData\Local\Programs\MiKTeX\tex/latex/l3kernel\expl3.sty
Package: expl3 2025-03-26 L3 programming layer (loader) 
 (C:\Users\gusfl\AppData\Local\Programs\MiKTeX\tex/latex/l3backend\l3backend-pdftex.def
File: l3backend-pdftex.def 2025-03-14 L3 backend support: PDF output (pdfTeX)
\l__color_backend_stack_int=\count405
))
Package biblatex Info: ... and expl3
(biblatex)             2025-03-26 L3 programming layer (loader) 
(biblatex)             is new enough (at least 2020/04/06),
(biblatex)             setting 'casechanger=expl3'.
 (C:\Users\gusfl\AppData\Local\Programs\MiKTeX\tex/latex/biblatex\blx-case-expl3.sty (C:\Users\gusfl\AppData\Local\Programs\MiKTeX\tex/latex/l3packages/xparse\xparse.sty
Package: xparse 2024-08-16 L3 Experimental document command parser
)
Package: blx-case-expl3 2024/03/21 v3.20 expl3 case changing code for biblatex
)) (C:\Users\gusfl\AppData\Local\Programs\MiKTeX\tex/latex/amsmath\amsmath.sty
Package: amsmath 2024/11/05 v2.17t AMS math features
\@mathmargin=\skip74

For additional information on amsmath, use the `?' option.
(C:\Users\gusfl\AppData\Local\Programs\MiKTeX\tex/latex/amsmath\amstext.sty
Package: amstext 2021/08/26 v2.01 AMS text
 (C:\Users\gusfl\AppData\Local\Programs\MiKTeX\tex/latex/amsmath\amsgen.sty
File: amsgen.sty 1999/11/30 v2.0 generic functions
\@emptytoks=\toks19
\ex@=\dimen170
)) (C:\Users\gusfl\AppData\Local\Programs\MiKTeX\tex/latex/amsmath\amsbsy.sty
Package: amsbsy 1999/11/29 v1.2d Bold Symbols
\pmbraise@=\dimen171
) (C:\Users\gusfl\AppData\Local\Programs\MiKTeX\tex/latex/amsmath\amsopn.sty
Package: amsopn 2022/04/08 v2.04 operator names
)
\inf@bad=\count406
LaTeX Info: Redefining \frac on input line 233.
\uproot@=\count407
\leftroot@=\count408
LaTeX Info: Redefining \overline on input line 398.
LaTeX Info: Redefining \colon on input line 409.
\classnum@=\count409
\DOTSCASE@=\count410
LaTeX Info: Redefining \ldots on input line 495.
LaTeX Info: Redefining \dots on input line 498.
LaTeX Info: Redefining \cdots on input line 619.
\Mathstrutbox@=\box55
\strutbox@=\box56
LaTeX Info: Redefining \big on input line 721.
LaTeX Info: Redefining \Big on input line 722.
LaTeX Info: Redefining \bigg on input line 723.
LaTeX Info: Redefining \Bigg on input line 724.
\big@size=\dimen172
LaTeX Font Info:    Redeclaring font encoding OML on input line 742.
LaTeX Font Info:    Redeclaring font encoding OMS on input line 743.
\macc@depth=\count411
LaTeX Info: Redefining \bmod on input line 904.
LaTeX Info: Redefining \pmod on input line 909.
LaTeX Info: Redefining \smash on input line 939.
LaTeX Info: Redefining \relbar on input line 969.
LaTeX Info: Redefining \Relbar on input line 970.
\c@MaxMatrixCols=\count412
\dotsspace@=\muskip22
\c@parentequation=\count413
\dspbrk@lvl=\count414
\tag@help=\toks20
\row@=\count415
\column@=\count416
\maxfields@=\count417
\andhelp@=\toks21
\eqnshift@=\dimen173
\alignsep@=\dimen174
\tagshift@=\dimen175
\tagwidth@=\dimen176
\totwidth@=\dimen177
\lineht@=\dimen178
\@envbody=\toks22
\multlinegap=\skip75
\multlinetaggap=\skip76
\mathdisplay@stack=\toks23
LaTeX Info: Redefining \[ on input line 2953.
LaTeX Info: Redefining \] on input line 2954.
) (C:\Users\gusfl\AppData\Local\Programs\MiKTeX\tex/latex/amsfonts\amsfonts.sty
Package: amsfonts 2013/01/14 v3.01 Basic AMSFonts support
\symAMSa=\mathgroup4
\symAMSb=\mathgroup5
LaTeX Font Info:    Redeclaring math symbol \hbar on input line 98.
LaTeX Font Info:    Overwriting math alphabet `\mathfrak' in version `bold'
(Font)                  U/euf/m/n --> U/euf/b/n on input line 106.
) (C:\Users\gusfl\AppData\Local\Programs\MiKTeX\tex/latex/comment\comment.sty
\CommentStream=\write4
 Excluding comment 'comment') (C:\Users\gusfl\AppData\Local\Programs\MiKTeX\tex/latex/amsfonts\amssymb.sty
Package: amssymb 2013/01/14 v3.01 AMS font symbols
) (C:\Users\gusfl\AppData\Local\Programs\MiKTeX\tex/latex/tools\tabularx.sty
Package: tabularx 2023/12/11 v2.12a `tabularx' package (DPC)
 (C:\Users\gusfl\AppData\Local\Programs\MiKTeX\tex/latex/tools\array.sty
Package: array 2024/10/17 v2.6g Tabular extension package (FMi)
\col@sep=\dimen179
\ar@mcellbox=\box57
\extrarowheight=\dimen180
\NC@list=\toks24
\extratabsurround=\skip77
\backup@length=\skip78
\ar@cellbox=\box58
)
\TX@col@width=\dimen181
\TX@old@table=\dimen182
\TX@old@col=\dimen183
\TX@target=\dimen184
\TX@delta=\dimen185
\TX@cols=\count418
\TX@ftn=\toks25
) (C:\Users\gusfl\AppData\Local\Programs\MiKTeX\tex/latex/caption\caption.sty
Package: caption 2023/08/05 v3.6o Customizing captions (AR)
 (C:\Users\gusfl\AppData\Local\Programs\MiKTeX\tex/latex/caption\caption3.sty
Package: caption3 2023/07/31 v2.4d caption3 kernel (AR)
\caption@tempdima=\dimen186
\captionmargin=\dimen187
\caption@leftmargin=\dimen188
\caption@rightmargin=\dimen189
\caption@width=\dimen190
\caption@indent=\dimen191
\caption@parindent=\dimen192
\caption@hangindent=\dimen193
Package caption Info: Unknown document class (or package),
(caption)             standard defaults will be used.
Package caption Info: \@makecaption = \long macro:#1#2->\ifx \@captype \@IEEEtablestring \footnotesize \bgroup \par \centering \@IEEEtabletopskipstrut {\normalfont \footnotesize #1}\\{\normalfont \footnotesize \scshape #2}\par \addvspace {0.5\baselineskip }\egroup \@IEEEtablecaptionsepspace \else \@IEEEfigurecaptionsepspace \setbox \@tempboxa \hbox {\normalfont \footnotesize {#1.}\nobreakspace \nobreakspace #2}\ifdim \wd \@tempboxa >\hsize \setbox \@tempboxa \hbox {\normalfont \footnotesize {#1.}\nobreakspace \nobreakspace }\parbox [t]{\hsize }{\normalfont \footnotesize \noindent \unhbox \@tempboxa #2}\else \ifCLASSOPTIONconference \hbox to\hsize {\normalfont \footnotesize \hfil \box \@tempboxa \hfil }\else \hbox to\hsize {\normalfont \footnotesize \box \@tempboxa \hfil }\fi \fi \fi  on input line 1175.
)

Package caption Warning: Unknown document class (or package),
(caption)                standard defaults will be used.
See the caption package documentation for explanation.

\c@caption@flags=\count419
\c@continuedfloat=\count420
) (C:\Users\gusfl\AppData\Local\Programs\MiKTeX\tex/latex/graphics\graphicx.sty
Package: graphicx 2021/09/16 v1.2d Enhanced LaTeX Graphics (DPC,SPQR)
 (C:\Users\gusfl\AppData\Local\Programs\MiKTeX\tex/latex/graphics\graphics.sty
Package: graphics 2024/08/06 v1.4g Standard LaTeX Graphics (DPC,SPQR)
 (C:\Users\gusfl\AppData\Local\Programs\MiKTeX\tex/latex/graphics\trig.sty
Package: trig 2023/12/02 v1.11 sin cos tan (DPC)
) (C:\Users\gusfl\AppData\Local\Programs\MiKTeX\tex/latex/graphics-cfg\graphics.cfg
File: graphics.cfg 2016/06/04 v1.11 sample graphics configuration
)
Package graphics Info: Driver file: pdftex.def on input line 106.
 (C:\Users\gusfl\AppData\Local\Programs\MiKTeX\tex/latex/graphics-def\pdftex.def
File: pdftex.def 2024/04/13 v1.2c Graphics/color driver for pdftex
))
\Gin@req@height=\dimen194
\Gin@req@width=\dimen195
) (C:\Users\gusfl\AppData\Local\Programs\MiKTeX\tex/latex/caption\subcaption.sty
Package: subcaption 2023/07/28 v1.6b Sub-captions (AR)
Package caption Info: New subtype `subfigure' on input line 238.
\c@subfigure=\count421
Package caption Info: New subtype `subtable' on input line 238.
\c@subtable=\count422
) (C:\Users\gusfl\AppData\Local\Programs\MiKTeX\tex/latex/float\float.sty
Package: float 2001/11/08 v1.3d Float enhancements (AL)
\c@float@type=\count423
\float@exts=\toks26
\float@box=\box59
\@float@everytoks=\toks27
\@floatcapt=\box60
)
\@quotelevel=\count424
\@quotereset=\count425
 (c:\Users\gusfl\Downloads\4_SEMESTER\FUNDAMENTOS_ELECTRONICA\PROYECTO\build\1MV12_FE_PROYECTO1_FCGM_MRAY_MVME.aux)
\openout1 = `1MV12_FE_PROYECTO1_FCGM_MRAY_MVME.aux'.

LaTeX Font Info:    Checking defaults for OML/cmm/m/it on input line 66.
LaTeX Font Info:    ... okay on input line 66.
LaTeX Font Info:    Checking defaults for OMS/cmsy/m/n on input line 66.
LaTeX Font Info:    ... okay on input line 66.
LaTeX Font Info:    Checking defaults for OT1/cmr/m/n on input line 66.
LaTeX Font Info:    ... okay on input line 66.
LaTeX Font Info:    Checking defaults for T1/cmr/m/n on input line 66.
LaTeX Font Info:    ... okay on input line 66.
LaTeX Font Info:    Checking defaults for TS1/cmr/m/n on input line 66.
LaTeX Font Info:    ... okay on input line 66.
LaTeX Font Info:    Checking defaults for OMX/cmex/m/n on input line 66.
LaTeX Font Info:    ... okay on input line 66.
LaTeX Font Info:    Checking defaults for U/cmr/m/n on input line 66.
LaTeX Font Info:    ... okay on input line 66.

-- Lines per column: 58 (exact).
Package biblatex Info: Trying to load language 'english'...
Package biblatex Info: ... file 'english.lbx' found.
(C:\Users\gusfl\AppData\Local\Programs\MiKTeX\tex/latex/biblatex/lbx\english.lbx
File: english.lbx 2024/03/21 v3.20 biblatex localization (PK/MW)
)
Package biblatex Info: Input encoding 'utf8' detected.
Package biblatex Info: Automatic encoding selection.
(biblatex)             Assuming data encoding 'utf8'.
\openout3 = `1MV12_FE_PROYECTO1_FCGM_MRAY_MVME.bcf'.

Package biblatex Info: Trying to load bibliographic data...
Package biblatex Info: ... file '1MV12_FE_PROYECTO1_FCGM_MRAY_MVME.bbl' not found.

No file 1MV12_FE_PROYECTO1_FCGM_MRAY_MVME.bbl.
Package biblatex Info: Reference section=0 on input line 66.
Package biblatex Info: Reference segment=0 on input line 66.
Package caption Info: Begin \AtBeginDocument code.
Package caption Info: float package is loaded.
Package caption Info: End \AtBeginDocument code.
(C:\Users\gusfl\AppData\Local\Programs\MiKTeX\tex/context/base/mkii\supp-pdf.mkii
[Loading MPS to PDF converter (version 2006.09.02).]
\scratchcounter=\count426
\scratchdimen=\dimen196
\scratchbox=\box61
\nofMPsegments=\count427
\nofMParguments=\count428
\everyMPshowfont=\toks28
\MPscratchCnt=\count429
\MPscratchDim=\dimen197
\MPnumerator=\count430
\makeMPintoPDFobject=\count431
\everyMPtoPDFconversion=\toks29
) (C:\Users\gusfl\AppData\Local\Programs\MiKTeX\tex/latex/epstopdf-pkg\epstopdf-base.sty
Package: epstopdf-base 2020-01-24 v2.11 Base part for package epstopdf
Package epstopdf-base Info: Redefining graphics rule for `.eps' on input line 485.
 (C:\Users\gusfl\AppData\Local\Programs\MiKTeX\tex/latex/00miktex\epstopdf-sys.cfg
File: epstopdf-sys.cfg 2021/03/18 v2.0 Configuration of epstopdf for MiKTeX
))

LaTeX Font Info:    Trying to load font information for U+msa on input line 132.
(C:\Users\gusfl\AppData\Local\Programs\MiKTeX\tex/latex/amsfonts\umsa.fd
File: umsa.fd 2013/01/14 v3.01 AMS symbols A
)
LaTeX Font Info:    Trying to load font information for U+msb on input line 132.
 (C:\Users\gusfl\AppData\Local\Programs\MiKTeX\tex/latex/amsfonts\umsb.fd
File: umsb.fd 2013/01/14 v3.01 AMS symbols B
)
<IMAGENES/PRUEBA.png, id=1, 816.04875pt x 839.38594pt>
File: IMAGENES/PRUEBA.png Graphic file (type png)
<use IMAGENES/PRUEBA.png>
Package pdftex.def Info: IMAGENES/PRUEBA.png  used on input line 141.
(pdftex.def)             Requested size: 118.4403pt x 121.81671pt.
File: IMAGENES/PRUEBA.png Graphic file (type png)
<use IMAGENES/PRUEBA.png>
Package pdftex.def Info: IMAGENES/PRUEBA.png  used on input line 149.
(pdftex.def)             Requested size: 113.39923pt x 116.64229pt.


[1{C:/Users/gusfl/AppData/Local/MiKTeX/fonts/map/pdftex/pdftex.map}{C:/Users/gusfl/AppData/Local/Programs/MiKTeX/fonts/enc/dvips/base/8r.enc}


 <./IMAGENES/PRUEBA.png>]
File: IMAGENES/PRUEBA.png Graphic file (type png)
<use IMAGENES/PRUEBA.png>
Package pdftex.def Info: IMAGENES/PRUEBA.png  used on input line 182.
(pdftex.def)             Requested size: 180.60315pt x 185.76697pt.
File: IMAGENES/PRUEBA.png Graphic file (type png)
<use IMAGENES/PRUEBA.png>
Package pdftex.def Info: IMAGENES/PRUEBA.png  used on input line 190.
(pdftex.def)             Requested size: 170.28094pt x 175.14914pt.

Underfull \vbox (badness 10000) has occurred while \output is active []



File: IMAGENES/PRUEBA.png Graphic file (type png)
<use IMAGENES/PRUEBA.png>
Package pdftex.def Info: IMAGENES/PRUEBA.png  used on input line 204.
(pdftex.def)             Requested size: 180.60315pt x 185.76697pt.


[2]
File: IMAGENES/PRUEBA.png Graphic file (type png)
<use IMAGENES/PRUEBA.png>
Package pdftex.def Info: IMAGENES/PRUEBA.png  used on input line 246.
(pdftex.def)             Requested size: 118.4403pt x 121.81671pt.
File: IMAGENES/PRUEBA.png Graphic file (type png)
<use IMAGENES/PRUEBA.png>
Package pdftex.def Info: IMAGENES/PRUEBA.png  used on input line 254.
(pdftex.def)             Requested size: 118.4403pt x 121.81671pt.


File: IMAGENES/PRUEBA.png Graphic file (type png)
<use IMAGENES/PRUEBA.png>
Package pdftex.def Info: IMAGENES/PRUEBA.png  used on input line 310.
(pdftex.def)             Requested size: 175.43811pt x 180.45164pt.


[3]
File: IMAGENES/PRUEBA.png Graphic file (type png)
<use IMAGENES/PRUEBA.png>
Package pdftex.def Info: IMAGENES/PRUEBA.png  used on input line 329.
(pdftex.def)             Requested size: 232.19843pt x 238.84323pt.
File: IMAGENES/PRUEBA.png Graphic file (type png)
<use IMAGENES/PRUEBA.png>
Package pdftex.def Info: IMAGENES/PRUEBA.png  used on input line 340.
(pdftex.def)             Requested size: 232.19843pt x 238.84323pt.

Underfull \vbox (badness 10000) has occurred while \output is active []



File: IMAGENES/PRUEBA.png Graphic file (type png)
<use IMAGENES/PRUEBA.png>
Package pdftex.def Info: IMAGENES/PRUEBA.png  used on input line 374.
(pdftex.def)             Requested size: 206.39685pt x 212.2923pt.


[4]
File: IMAGENES/PRUEBA.png Graphic file (type png)
<use IMAGENES/PRUEBA.png>
Package pdftex.def Info: IMAGENES/PRUEBA.png  used on input line 385.
(pdftex.def)             Requested size: 103.19843pt x 106.13974pt.
File: IMAGENES/PRUEBA.png Graphic file (type png)
<use IMAGENES/PRUEBA.png>
Package pdftex.def Info: IMAGENES/PRUEBA.png  used on input line 400.
(pdftex.def)             Requested size: 232.19843pt x 238.84323pt.


File: IMAGENES/PRUEBA.png Graphic file (type png)
<use IMAGENES/PRUEBA.png>
Package pdftex.def Info: IMAGENES/PRUEBA.png  used on input line 413.
(pdftex.def)             Requested size: 103.19843pt x 106.13974pt.


[5]
<IMAGENES/Circuito_base.jpeg, id=30, 1369.115pt x 628.3475pt>
File: IMAGENES/Circuito_base.jpeg Graphic file (type jpg)
<use IMAGENES/Circuito_base.jpeg>
Package pdftex.def Info: IMAGENES/Circuito_base.jpeg  used on input line 455.
(pdftex.def)             Requested size: 206.39685pt x 94.71785pt.



Underfull \hbox (badness 1776) in paragraph at lines 483--485
\OT1/ptm/m/n/10 La pr[]actica nos pide que para la re-sisten-cia de carga
 []

<IMAGENES/Rectificado.png, id=31, 1204.5pt x 897.3525pt>
File: IMAGENES/Rectificado.png Graphic file (type png)
<use IMAGENES/Rectificado.png>
Package pdftex.def Info: IMAGENES/Rectificado.png  used on input line 524.
(pdftex.def)             Requested size: 232.19843pt x 172.97708pt.


[6 <./IMAGENES/Circuito_base.jpeg>]
<IMAGENES/Voltaje_rizo.jpeg, id=36, 523.20468pt x 394.47375pt>
File: IMAGENES/Voltaje_rizo.jpeg Graphic file (type jpg)
<use IMAGENES/Voltaje_rizo.jpeg>
Package pdftex.def Info: IMAGENES/Voltaje_rizo.jpeg  used on input line 568.
(pdftex.def)             Requested size: 232.19843pt x 175.06174pt.


LaTeX Font Info:    Trying to load font information for TS1+ptm on input line 580.
(C:\Users\gusfl\AppData\Local\Programs\MiKTeX\tex/latex/psnfss\ts1ptm.fd
File: ts1ptm.fd 2001/06/04 font definitions for TS1/ptm.
)
<IMAGENES/Osciloscopio_Positivo.jpeg, id=37, 551.05875pt x 413.29407pt>
File: IMAGENES/Osciloscopio_Positivo.jpeg Graphic file (type jpg)
<use IMAGENES/Osciloscopio_Positivo.jpeg>
Package pdftex.def Info: IMAGENES/Osciloscopio_Positivo.jpeg  used on input line 601.
(pdftex.def)             Requested size: 232.19843pt x 174.14989pt.

Underfull \vbox (badness 1755) has occurred while \output is active []



[7 <./IMAGENES/Rectificado.png> <./IMAGENES/Voltaje_rizo.jpeg>]
<IMAGENES/Osciloscopio_Negativo.jpeg, id=44, 1505.625pt x 1114.1625pt>
File: IMAGENES/Osciloscopio_Negativo.jpeg Graphic file (type jpg)
<use IMAGENES/Osciloscopio_Negativo.jpeg>
Package pdftex.def Info: IMAGENES/Osciloscopio_Negativo.jpeg  used on input line 612.
(pdftex.def)             Requested size: 232.19843pt x 171.82635pt.
<IMAGENES/Multimetro_Positivo.jpeg, id=45, 963.6pt x 1284.8pt>
File: IMAGENES/Multimetro_Positivo.jpeg Graphic file (type jpg)
<use IMAGENES/Multimetro_Positivo.jpeg>
Package pdftex.def Info: IMAGENES/Multimetro_Positivo.jpeg  used on input line 624.
(pdftex.def)             Requested size: 232.19843pt x 309.59338pt.

Underfull \vbox (badness 10000) has occurred while \output is active []



<IMAGENES/Multimetro_Negativo.jpeg, id=46, 963.6pt x 1284.8pt>
File: IMAGENES/Multimetro_Negativo.jpeg Graphic file (type jpg)
<use IMAGENES/Multimetro_Negativo.jpeg>
Package pdftex.def Info: IMAGENES/Multimetro_Negativo.jpeg  used on input line 632.
(pdftex.def)             Requested size: 232.19843pt x 309.59338pt.

Underfull \hbox (badness 1721) in paragraph at lines 650--650
[]|\OT1/ptm/b/n/9 Valor Cal-
 []


Underfull \hbox (badness 3343) in paragraph at lines 650--650
[]|\OT1/ptm/b/n/9 Valor Me-
 []


Underfull \hbox (badness 10000) in paragraph at lines 650--650
[]|\OT1/ptm/b/n/9 Diferencia
 []



[8 <./IMAGENES/Osciloscopio_Positivo.jpeg> <./IMAGENES/Osciloscopio_Negativo.jpeg> <./IMAGENES/Multimetro_Positivo.jpeg> <./IMAGENES/Multimetro_Negativo.jpeg>]
<IMAGENES/Simulacion_SalidaConCarga.jpeg, id=50, 1326.9575pt x 684.5575pt>
File: IMAGENES/Simulacion_SalidaConCarga.jpeg Graphic file (type jpg)
<use IMAGENES/Simulacion_SalidaConCarga.jpeg>
Package pdftex.def Info: IMAGENES/Simulacion_SalidaConCarga.jpeg  used on input line 666.
(pdftex.def)             Requested size: 232.19843pt x 119.77846pt.
<IMAGENES/Simulacion_SalidaSinCarga.jpeg, id=51, 1314.9125pt x 701.62125pt>
File: IMAGENES/Simulacion_SalidaSinCarga.jpeg Graphic file (type jpg)
<use IMAGENES/Simulacion_SalidaSinCarga.jpeg>
Package pdftex.def Info: IMAGENES/Simulacion_SalidaSinCarga.jpeg  used on input line 674.
(pdftex.def)             Requested size: 232.19843pt x 123.88826pt.
<IMAGENES/Simulacion_rizo_teorico.jpeg, id=52, 1512.65125pt x 868.24374pt>
File: IMAGENES/Simulacion_rizo_teorico.jpeg Graphic file (type jpg)
<use IMAGENES/Simulacion_rizo_teorico.jpeg>
Package pdftex.def Info: IMAGENES/Simulacion_rizo_teorico.jpeg  used on input line 682.
(pdftex.def)             Requested size: 232.19843pt x 133.27805pt.


<IMAGENES/Simulacion_realSalidaConCarga.jpeg, id=53, 1369.115pt x 714.67pt>
File: IMAGENES/Simulacion_realSalidaConCarga.jpeg Graphic file (type jpg)
<use IMAGENES/Simulacion_realSalidaConCarga.jpeg>
Package pdftex.def Info: IMAGENES/Simulacion_realSalidaConCarga.jpeg  used on input line 691.
(pdftex.def)             Requested size: 232.19843pt x 121.19785pt.
<IMAGENES/Simulacion_realSalidaSinCarga.jpeg, id=54, 1437.37pt x 714.67pt>
File: IMAGENES/Simulacion_realSalidaSinCarga.jpeg Graphic file (type jpg)
<use IMAGENES/Simulacion_realSalidaSinCarga.jpeg>
Package pdftex.def Info: IMAGENES/Simulacion_realSalidaSinCarga.jpeg  used on input line 699.
(pdftex.def)             Requested size: 232.19843pt x 115.45093pt.
<IMAGENES/Simulacion_rizo_real.jpeg, id=55, 1502.61375pt x 916.42375pt>
File: IMAGENES/Simulacion_rizo_real.jpeg Graphic file (type jpg)
<use IMAGENES/Simulacion_rizo_real.jpeg>
Package pdftex.def Info: IMAGENES/Simulacion_rizo_real.jpeg  used on input line 707.
(pdftex.def)             Requested size: 232.19843pt x 141.61072pt.

Underfull \hbox (badness 4518) in paragraph at lines 714--721
[]\OT1/ptm/m/n/10 unicamente en par[]ametros de sal-ida de-sea-dos no
 []


Underfull \hbox (badness 1824) in paragraph at lines 714--721
\OT1/ptm/m/n/10 es lo que nor-mal-mente de-sar-rol-lamos en ejer-ci-cios
 []


Underfull \hbox (badness 2150) in paragraph at lines 714--721
\OT1/ptm/m/n/10 y otras pr[]acticas. Adem[]as, para este proyecto fue
 []


Underfull \hbox (badness 3088) in paragraph at lines 714--721
\OT1/ptm/m/n/10 al com-por-tamiento de la fuente. Tambi[]en fue un
 []


Underfull \hbox (badness 2582) in paragraph at lines 714--721
\OT1/ptm/m/n/10 de los el-e-men-tos que la com-po-nen por sep-a-rado,
 []


Underfull \hbox (badness 10000) in paragraph at lines 714--721

 []



[9 <./IMAGENES/Simulacion_SalidaConCarga.jpeg> <./IMAGENES/Simulacion_SalidaSinCarga.jpeg> <./IMAGENES/Simulacion_rizo_teorico.jpeg> <./IMAGENES/Simulacion_realSalidaConCarga.jpeg> <./IMAGENES/Simulacion_realSalidaSinCarga.jpeg> <./IMAGENES/Simulacion_rizo_real.jpeg>]

<IMAGENES/Datasheet_LM7809.jpeg, id=63, 1365.1pt x 1098.1025pt>
File: IMAGENES/Datasheet_LM7809.jpeg Graphic file (type jpg)
<use IMAGENES/Datasheet_LM7809.jpeg>
Package pdftex.def Info: IMAGENES/Datasheet_LM7809.jpeg  used on input line 750.
(pdftex.def)             Requested size: 232.19843pt x 186.77548pt.
<IMAGENES/Datasheet_LM7909.jpeg, id=64, 1290.8225pt x 1064.97874pt>
File: IMAGENES/Datasheet_LM7909.jpeg Graphic file (type jpg)
<use IMAGENES/Datasheet_LM7909.jpeg>
Package pdftex.def Info: IMAGENES/Datasheet_LM7909.jpeg  used on input line 758.
(pdftex.def)             Requested size: 232.19843pt x 191.55789pt.
<IMAGENES/Datasheet_1N5402.png, id=65, 598.48593pt x 421.575pt>
File: IMAGENES/Datasheet_1N5402.png Graphic file (type png)
<use IMAGENES/Datasheet_1N5402.png>
Package pdftex.def Info: IMAGENES/Datasheet_1N5402.png  used on input line 766.
(pdftex.def)             Requested size: 232.19843pt x 163.55803pt.

Underfull \vbox (badness 1838) has occurred while \output is active []



[10 <./IMAGENES/Datasheet_LM7809.jpeg> <./IMAGENES/Datasheet_LM7909.jpeg>]
<IMAGENES/Evidencia.jpeg, id=69, 1126.2075pt x 1505.625pt>
File: IMAGENES/Evidencia.jpeg Graphic file (type jpg)
<use IMAGENES/Evidencia.jpeg>
Package pdftex.def Info: IMAGENES/Evidencia.jpeg  used on input line 774.
(pdftex.def)             Requested size: 232.19843pt x 310.42412pt.


LaTeX Warning: Empty bibliography on input line 800.


Underfull \hbox (badness 10000) in paragraph at lines 807--808
\OT1/ptm/m/n/8 [On-line]. Avail-able: https://www.onsemi.com/pdf/datasheet/1n4001-
 []


Underfull \hbox (badness 10000) in paragraph at lines 810--811
\OT1/ptm/m/n/8 [On-line]. Avail-able: https://www.onsemi.com/pdf/datasheet/1n4148-
 []





[11

 <./IMAGENES/Datasheet_1N5402.png> <./IMAGENES/Evidencia.jpeg>] (c:\Users\gusfl\Downloads\4_SEMESTER\FUNDAMENTOS_ELECTRONICA\PROYECTO\build\1MV12_FE_PROYECTO1_FCGM_MRAY_MVME.aux)
 ***********
LaTeX2e <2024-11-01> patch level 2
L3 programming layer <2025-03-26>
 ***********
Package logreq Info: Writing requests to '1MV12_FE_PROYECTO1_FCGM_MRAY_MVME.run.xml'.
\openout1 = `1MV12_FE_PROYECTO1_FCGM_MRAY_MVME.run.xml'.

 ) 
Here is how much of TeX's memory you used:
 13358 strings out of 469959
 253623 string characters out of 5469834
 1061971 words of memory out of 5000000
 40007 multiletter control sequences out of 15000+600000
 671172 words of font info for 119 fonts, out of 8000000 for 9000
 1144 hyphenation exceptions out of 8191
 63i,11n,66p,1279b,807s stack positions out of 10000i,1000n,20000p,200000b,200000s
<C:/Users/gusfl/AppData/Local/Programs/MiKTeX/fonts/type1/public/amsfonts/cm/cmmi10.pfb><C:/Users/gusfl/AppData/Local/Programs/MiKTeX/fonts/type1/public/amsfonts/cm/cmmi5.pfb><C:/Users/gusfl/AppData/Local/Programs/MiKTeX/fonts/type1/public/amsfonts/cm/cmmi6.pfb><C:/Users/gusfl/AppData/Local/Programs/MiKTeX/fonts/type1/public/amsfonts/cm/cmmi7.pfb><C:/Users/gusfl/AppData/Local/Programs/MiKTeX/fonts/type1/public/amsfonts/cm/cmmi9.pfb><C:/Users/gusfl/AppData/Local/Programs/MiKTeX/fonts/type1/public/amsfonts/cm/cmr10.pfb><C:/Users/gusfl/AppData/Local/Programs/MiKTeX/fonts/type1/public/amsfonts/cm/cmr7.pfb><C:/Users/gusfl/AppData/Local/Programs/MiKTeX/fonts/type1/public/amsfonts/cm/cmr9.pfb><C:/Users/gusfl/AppData/Local/Programs/MiKTeX/fonts/type1/public/amsfonts/cm/cmsy10.pfb><C:/Users/gusfl/AppData/Local/Programs/MiKTeX/fonts/type1/public/amsfonts/cm/cmsy7.pfb><C:/Users/gusfl/AppData/Local/Programs/MiKTeX/fonts/type1/public/amsfonts/cm/cmsy9.pfb><C:/Users/gusfl/AppData/Local/Programs/MiKTeX/fonts/type1/public/amsfonts/symbols/msbm10.pfb><C:/Users/gusfl/AppData/Local/Programs/MiKTeX/fonts/type1/urw/times/utmb8a.pfb><C:/Users/gusfl/AppData/Local/Programs/MiKTeX/fonts/type1/urw/times/utmbi8a.pfb><C:/Users/gusfl/AppData/Local/Programs/MiKTeX/fonts/type1/urw/times/utmr8a.pfb><C:/Users/gusfl/AppData/Local/Programs/MiKTeX/fonts/type1/urw/times/utmri8a.pfb>
Output written on c:\Users\gusfl\Downloads\4_SEMESTER\FUNDAMENTOS_ELECTRONICA\PROYECTO\build\1MV12_FE_PROYECTO1_FCGM_MRAY_MVME.pdf (11 pages, 4667882 bytes).
PDF statistics:
 141 PDF objects out of 1000 (max. 8388607)
 0 named destinations out of 1000 (max. 500000)
 91 words of extra memory for PDF output out of 10000 (max. 10000000)

