This is pdfTeX, Version 3.141592653-2.6-1.40.28 (MiKTeX 25.12) (preloaded format=pdflatex 2026.3.7)  7 MAR 2026 17:55
entering extended mode
 restricted \write18 enabled.
 file:line:error style messages enabled.
 %&-line parsing enabled.
**c:/Users/Usuario/OneDrive/Documentos/Repositorio/4_SEMESTER/FUNDAMENTOS_ELECTRONICA/P02/1MV12_FE__P02_FCGM_MRAY_MVME.tex
(c:/Users/Usuario/OneDrive/Documentos/Repositorio/4_SEMESTER/FUNDAMENTOS_ELECTRONICA/P02/1MV12_FE__P02_FCGM_MRAY_MVME.tex
LaTeX2e <2025-11-01>
L3 programming layer <2025-12-24>
(C:\Users\Usuario\AppData\Local\Programs\MiKTeX\tex/latex/ieeetran\IEEEtran.cls
Document Class: IEEEtran 2015/08/26 V1.8b by Michael Shell
-- See the "IEEEtran_HOWTO" manual for usage information.
-- http://www.michaelshell.org/tex/ieeetran/
\@IEEEtrantmpdimenA=\dimen148
\@IEEEtrantmpdimenB=\dimen149
\@IEEEtrantmpdimenC=\dimen150
\@IEEEtrantmpcountA=\count275
\@IEEEtrantmpcountB=\count276
\@IEEEtrantmpcountC=\count277
\@IEEEtrantmptoksA=\toks17
LaTeX Font Info:    Trying to load font information for OT1+ptm on input line 503.
(C:\Users\Usuario\AppData\Local\Programs\MiKTeX\tex/latex/psnfss\ot1ptm.fd
File: ot1ptm.fd 2001/06/04 font definitions for OT1/ptm.
)
-- Using 8.5in x 11in (letter) paper.
-- Using PDF output.
\@IEEEnormalsizeunitybaselineskip=\dimen151
-- This is a 10 point document.
LaTeX Encoding Info:    Redeclaring text command \textunderscore (encoding ?) on input line 937.
\CLASSINFOnormalsizebaselineskip=\dimen152
\CLASSINFOnormalsizeunitybaselineskip=\dimen153
\IEEEnormaljot=\dimen154
LaTeX Font Info:    Font shape `OT1/ptm/bx/n' in size <5> not available
(Font)              Font shape `OT1/ptm/b/n' tried instead on input line 1090.
LaTeX Font Info:    Font shape `OT1/ptm/bx/it' in size <5> not available
(Font)              Font shape `OT1/ptm/b/it' tried instead on input line 1090.
LaTeX Font Info:    Font shape `OT1/ptm/bx/n' in size <7> not available
(Font)              Font shape `OT1/ptm/b/n' tried instead on input line 1090.
LaTeX Font Info:    Font shape `OT1/ptm/bx/it' in size <7> not available
(Font)              Font shape `OT1/ptm/b/it' tried instead on input line 1090.
LaTeX Font Info:    Font shape `OT1/ptm/bx/n' in size <8> not available
(Font)              Font shape `OT1/ptm/b/n' tried instead on input line 1090.
LaTeX Font Info:    Font shape `OT1/ptm/bx/it' in size <8> not available
(Font)              Font shape `OT1/ptm/b/it' tried instead on input line 1090.
LaTeX Font Info:    Font shape `OT1/ptm/bx/n' in size <9> not available
(Font)              Font shape `OT1/ptm/b/n' tried instead on input line 1090.
LaTeX Font Info:    Font shape `OT1/ptm/bx/it' in size <9> not available
(Font)              Font shape `OT1/ptm/b/it' tried instead on input line 1090.
LaTeX Font Info:    Font shape `OT1/ptm/bx/n' in size <10> not available
(Font)              Font shape `OT1/ptm/b/n' tried instead on input line 1090.
LaTeX Font Info:    Font shape `OT1/ptm/bx/it' in size <10> not available
(Font)              Font shape `OT1/ptm/b/it' tried instead on input line 1090.
LaTeX Font Info:    Font shape `OT1/ptm/bx/n' in size <11> not available
(Font)              Font shape `OT1/ptm/b/n' tried instead on input line 1090.
LaTeX Font Info:    Font shape `OT1/ptm/bx/it' in size <11> not available
(Font)              Font shape `OT1/ptm/b/it' tried instead on input line 1090.
LaTeX Font Info:    Font shape `OT1/ptm/bx/n' in size <12> not available
(Font)              Font shape `OT1/ptm/b/n' tried instead on input line 1090.
LaTeX Font Info:    Font shape `OT1/ptm/bx/it' in size <12> not available
(Font)              Font shape `OT1/ptm/b/it' tried instead on input line 1090.
LaTeX Font Info:    Font shape `OT1/ptm/bx/n' in size <17> not available
(Font)              Font shape `OT1/ptm/b/n' tried instead on input line 1090.
LaTeX Font Info:    Font shape `OT1/ptm/bx/it' in size <17> not available
(Font)              Font shape `OT1/ptm/b/it' tried instead on input line 1090.
LaTeX Font Info:    Font shape `OT1/ptm/bx/n' in size <20> not available
(Font)              Font shape `OT1/ptm/b/n' tried instead on input line 1090.
LaTeX Font Info:    Font shape `OT1/ptm/bx/it' in size <20> not available
(Font)              Font shape `OT1/ptm/b/it' tried instead on input line 1090.
LaTeX Font Info:    Font shape `OT1/ptm/bx/n' in size <24> not available
(Font)              Font shape `OT1/ptm/b/n' tried instead on input line 1090.
LaTeX Font Info:    Font shape `OT1/ptm/bx/it' in size <24> not available
(Font)              Font shape `OT1/ptm/b/it' tried instead on input line 1090.
\IEEEquantizedlength=\dimen155
\IEEEquantizedlengthdiff=\dimen156
\IEEEquantizedtextheightdiff=\dimen157
\IEEEilabelindentA=\dimen158
\IEEEilabelindentB=\dimen159
\IEEEilabelindent=\dimen160
\IEEEelabelindent=\dimen161
\IEEEdlabelindent=\dimen162
\IEEElabelindent=\dimen163
\IEEEiednormlabelsep=\dimen164
\IEEEiedmathlabelsep=\dimen165
\IEEEiedtopsep=\skip49
\c@section=\count278
\c@subsection=\count279
\c@subsubsection=\count280
\c@paragraph=\count281
\c@IEEEsubequation=\count282
\abovecaptionskip=\skip50
\belowcaptionskip=\skip51
\c@figure=\count283
\c@table=\count284
\@IEEEeqnnumcols=\count285
\@IEEEeqncolcnt=\count286
\@IEEEsubeqnnumrollback=\count287
\@IEEEquantizeheightA=\dimen166
\@IEEEquantizeheightB=\dimen167
\@IEEEquantizeheightC=\dimen168
\@IEEEquantizeprevdepth=\dimen169
\@IEEEquantizemultiple=\count288
\@IEEEquantizeboxA=\box53
\@IEEEtmpitemindent=\dimen170
\IEEEPARstartletwidth=\dimen171
\c@IEEEbiography=\count289
\@IEEEtranrubishbin=\box54
) (C:\Users\Usuario\AppData\Local\Programs\MiKTeX\tex/latex/biblatex\biblatex.sty
Package: biblatex 2025/07/10 v3.21 programmable bibliographies (PK/MW)
 (C:\Users\Usuario\AppData\Local\Programs\MiKTeX\tex/generic/pdftexcmds\pdftexcmds.sty
Package: pdftexcmds 2020-06-27 v0.33 Utility functions of pdfTeX for LuaTeX (HO)
 (C:\Users\Usuario\AppData\Local\Programs\MiKTeX\tex/generic/infwarerr\infwarerr.sty
Package: infwarerr 2019/12/03 v1.5 Providing info/warning/error messages (HO)
) (C:\Users\Usuario\AppData\Local\Programs\MiKTeX\tex/generic/iftex\iftex.sty
Package: iftex 2024/12/12 v1.0g TeX engine tests
) (C:\Users\Usuario\AppData\Local\Programs\MiKTeX\tex/generic/ltxcmds\ltxcmds.sty
Package: ltxcmds 2023-12-04 v1.26 LaTeX kernel commands for general use (HO)
)
Package pdftexcmds Info: \pdf@primitive is available.
Package pdftexcmds Info: \pdf@ifprimitive is available.
Package pdftexcmds Info: \pdfdraftmode found.
) (C:\Users\Usuario\AppData\Local\Programs\MiKTeX\tex/latex/etoolbox\etoolbox.sty
Package: etoolbox 2025/10/02 v2.5m e-TeX tools for LaTeX (JAW)
\etb@tempcnta=\count290
) (C:\Users\Usuario\AppData\Local\Programs\MiKTeX\tex/latex/graphics\keyval.sty
Package: keyval 2022/05/29 v1.15 key=value parser (DPC)
\KV@toks@=\toks18
) (C:\Users\Usuario\AppData\Local\Programs\MiKTeX\tex/latex/kvoptions\kvoptions.sty
Package: kvoptions 2022-06-15 v3.15 Key value format for package options (HO)
 (C:\Users\Usuario\AppData\Local\Programs\MiKTeX\tex/latex/kvsetkeys\kvsetkeys.sty
Package: kvsetkeys 2022-10-05 v1.19 Key value parser (HO)
)) (C:\Users\Usuario\AppData\Local\Programs\MiKTeX\tex/latex/logreq\logreq.sty
Package: logreq 2010/08/04 v1.0 xml request logger
\lrq@indent=\count291
 (C:\Users\Usuario\AppData\Local\Programs\MiKTeX\tex/latex/logreq\logreq.def
File: logreq.def 2010/08/04 v1.0 logreq spec v1.0
)) (C:\Users\Usuario\AppData\Local\Programs\MiKTeX\tex/latex/base\ifthen.sty
Package: ifthen 2024/03/16 v1.1e Standard LaTeX ifthen package (DPC)
) (C:\Users\Usuario\AppData\Local\Programs\MiKTeX\tex/latex/url\url.sty
\Urlmuskip=\muskip17
Package: url 2013/09/16  ver 3.4  Verb mode for urls, etc.
)
\c@tabx@nest=\count292
\c@listtotal=\count293
\c@listcount=\count294
\c@liststart=\count295
\c@liststop=\count296
\c@citecount=\count297
\c@citetotal=\count298
\c@multicitecount=\count299
\c@multicitetotal=\count300
\c@instcount=\count301
\c@maxnames=\count302
\c@minnames=\count303
\c@maxitems=\count304
\c@minitems=\count305
\c@citecounter=\count306
\c@maxcitecounter=\count307
\c@savedcitecounter=\count308
\c@uniquelist=\count309
\c@uniquename=\count310
\c@refsection=\count311
\c@refsegment=\count312
\c@maxextratitle=\count313
\c@maxextratitleyear=\count314
\c@maxextraname=\count315
\c@maxextradate=\count316
\c@maxextraalpha=\count317
\c@abbrvpenalty=\count318
\c@highnamepenalty=\count319
\c@lownamepenalty=\count320
\c@maxparens=\count321
\c@parenlevel=\count322
\blx@tempcnta=\count323
\blx@tempcntb=\count324
\blx@tempcntc=\count325
\c@blx@maxsection=\count326
\blx@maxsegment@0=\count327
\blx@notetype=\count328
\blx@parenlevel@text=\count329
\blx@parenlevel@foot=\count330
\blx@sectionciteorder@0=\count331
\blx@sectionciteorderinternal@0=\count332
\blx@entrysetcounter=\count333
\blx@biblioinstance=\count334
\labelnumberwidth=\skip52
\labelalphawidth=\skip53
\biblabelsep=\skip54
\bibitemsep=\skip55
\bibnamesep=\skip56
\bibinitsep=\skip57
\bibparsep=\skip58
\bibhang=\skip59
\blx@bcfin=\read2
\blx@bcfout=\write3
\blx@langwohyphens=\language79
\c@mincomprange=\count335
\c@maxcomprange=\count336
\c@mincompwidth=\count337
Package biblatex Info: Trying to load biblatex default data model...
Package biblatex Info: ... file 'blx-dm.def' found.
 (C:\Users\Usuario\AppData\Local\Programs\MiKTeX\tex/latex/biblatex\blx-dm.def
File: blx-dm.def 2025/07/10 v3.21 biblatex datamodel (PK/MW)
)
Package biblatex Info: Trying to load biblatex style data model...
Package biblatex Info: ... file 'ieee.dbx' not found.
Package biblatex Info: Trying to load biblatex custom data model...
Package biblatex Info: ... file 'biblatex-dm.cfg' not found.
\c@afterword=\count338
\c@savedafterword=\count339
\c@annotator=\count340
\c@savedannotator=\count341
\c@author=\count342
\c@savedauthor=\count343
\c@bookauthor=\count344
\c@savedbookauthor=\count345
\c@commentator=\count346
\c@savedcommentator=\count347
\c@editor=\count348
\c@savededitor=\count349
\c@editora=\count350
\c@savededitora=\count351
\c@editorb=\count352
\c@savededitorb=\count353
\c@editorc=\count354
\c@savededitorc=\count355
\c@foreword=\count356
\c@savedforeword=\count357
\c@holder=\count358
\c@savedholder=\count359
\c@introduction=\count360
\c@savedintroduction=\count361
\c@namea=\count362
\c@savednamea=\count363
\c@nameb=\count364
\c@savednameb=\count365
\c@namec=\count366
\c@savednamec=\count367
\c@translator=\count368
\c@savedtranslator=\count369
\c@shortauthor=\count370
\c@savedshortauthor=\count371
\c@shorteditor=\count372
\c@savedshorteditor=\count373
\c@labelname=\count374
\c@savedlabelname=\count375
\c@institution=\count376
\c@savedinstitution=\count377
\c@lista=\count378
\c@savedlista=\count379
\c@listb=\count380
\c@savedlistb=\count381
\c@listc=\count382
\c@savedlistc=\count383
\c@listd=\count384
\c@savedlistd=\count385
\c@liste=\count386
\c@savedliste=\count387
\c@listf=\count388
\c@savedlistf=\count389
\c@location=\count390
\c@savedlocation=\count391
\c@organization=\count392
\c@savedorganization=\count393
\c@origlocation=\count394
\c@savedoriglocation=\count395
\c@origpublisher=\count396
\c@savedorigpublisher=\count397
\c@publisher=\count398
\c@savedpublisher=\count399
\c@language=\count400
\c@savedlanguage=\count401
\c@origlanguage=\count402
\c@savedoriglanguage=\count403
\c@pageref=\count404
\c@savedpageref=\count405
\shorthandwidth=\skip60
\shortjournalwidth=\skip61
\shortserieswidth=\skip62
\shorttitlewidth=\skip63
\shortauthorwidth=\skip64
\shorteditorwidth=\skip65
\locallabelnumberwidth=\skip66
\locallabelalphawidth=\skip67
\localshorthandwidth=\skip68
\localshortjournalwidth=\skip69
\localshortserieswidth=\skip70
\localshorttitlewidth=\skip71
\localshortauthorwidth=\skip72
\localshorteditorwidth=\skip73
Package biblatex Info: Trying to load compatibility code...
Package biblatex Info: ... file 'blx-compat.def' found.
 (C:\Users\Usuario\AppData\Local\Programs\MiKTeX\tex/latex/biblatex\blx-compat.def
File: blx-compat.def 2025/07/10 v3.21 biblatex compatibility (PK/MW)
)
Package biblatex Info: Trying to load generic definitions...
Package biblatex Info: ... file 'biblatex.def' found.
 (C:\Users\Usuario\AppData\Local\Programs\MiKTeX\tex/latex/biblatex\biblatex.def
File: biblatex.def 2025/07/10 v3.21 biblatex compatibility (PK/MW)
\c@textcitecount=\count406
\c@textcitetotal=\count407
\c@textcitemaxnames=\count408
\c@biburlbigbreakpenalty=\count409
\c@biburlbreakpenalty=\count410
\c@biburlnumpenalty=\count411
\c@biburlucpenalty=\count412
\c@biburllcpenalty=\count413
\biburlbigskip=\muskip18
\biburlnumskip=\muskip19
\biburlucskip=\muskip20
\biburllcskip=\muskip21
\c@smartand=\count414
)
Package biblatex Info: Trying to load bibliography style 'ieee'...
Package biblatex Info: ... file 'ieee.bbx' found.
 (C:\Users\Usuario\AppData\Local\Programs\MiKTeX\tex/latex/biblatex-ieee\ieee.bbx
File: ieee.bbx 2025-08-01 v1.4f biblatex bibliography style
Package biblatex Info: Trying to load bibliography style 'numeric-comp'...
Package biblatex Info: ... file 'numeric-comp.bbx' found.
 (C:\Users\Usuario\AppData\Local\Programs\MiKTeX\tex/latex/biblatex/bbx\numeric-comp.bbx
File: numeric-comp.bbx 2025/07/10 v3.21 biblatex bibliography style (PK/MW)
Package biblatex Info: Trying to load bibliography style 'numeric'...
Package biblatex Info: ... file 'numeric.bbx' found.
 (C:\Users\Usuario\AppData\Local\Programs\MiKTeX\tex/latex/biblatex/bbx\numeric.bbx
File: numeric.bbx 2025/07/10 v3.21 biblatex bibliography style (PK/MW)
Package biblatex Info: Trying to load bibliography style 'standard'...
Package biblatex Info: ... file 'standard.bbx' found.
 (C:\Users\Usuario\AppData\Local\Programs\MiKTeX\tex/latex/biblatex/bbx\standard.bbx
File: standard.bbx 2025/07/10 v3.21 biblatex bibliography style (PK/MW)
\c@bbx:relatedcount=\count415
\c@bbx:relatedtotal=\count416
))))
Package biblatex Info: Trying to load citation style 'ieee'...
Package biblatex Info: ... file 'ieee.cbx' found.
 (C:\Users\Usuario\AppData\Local\Programs\MiKTeX\tex/latex/biblatex-ieee\ieee.cbx
File: ieee.cbx 2025-08-01 v1.4f biblatex citation style
Package biblatex Info: Trying to load citation style 'numeric-verb'...
Package biblatex Info: ... file 'numeric-verb.cbx' found.
 (C:\Users\Usuario\AppData\Local\Programs\MiKTeX\tex/latex/biblatex/cbx\numeric-verb.cbx
File: numeric-verb.cbx 2025/07/10 v3.21 biblatex citation style (PK/MW)
Package biblatex Info: Redefining '\cite'.
Package biblatex Info: Redefining '\parencite'.
Package biblatex Info: Redefining '\footcite'.
Package biblatex Info: Redefining '\footcitetext'.
Package biblatex Info: Redefining '\smartcite'.
Package biblatex Info: Redefining '\textcite'.
Package biblatex Info: Redefining '\supercite'.
Package biblatex Info: Redefining '\parencites'.
Package biblatex Info: Redefining '\smartcites'.
Package biblatex Info: Redefining '\textcites'.
))
Package biblatex Info: Trying to load configuration file...
Package biblatex Info: ... file 'biblatex.cfg' found.
 (C:\Users\Usuario\AppData\Local\Programs\MiKTeX\tex/latex/biblatex\biblatex.cfg
File: biblatex.cfg 
)
Package biblatex Info: Input encoding 'utf8' detected.
Package biblatex Info: Document encoding is UTF8 ....
 (C:\Users\Usuario\AppData\Local\Programs\MiKTeX\tex/latex/l3kernel\expl3.sty
Package: expl3 2025-12-24 L3 programming layer (loader) 
 (C:\Users\Usuario\AppData\Local\Programs\MiKTeX\tex/latex/l3backend\l3backend-pdftex.def
File: l3backend-pdftex.def 2025-10-09 L3 backend support: PDF output (pdfTeX)
\l__color_backend_stack_int=\count417
))
Package biblatex Info: ... and expl3
(biblatex)             2025-12-24 L3 programming layer (loader) 
(biblatex)             is new enough (at least 2020/04/06),
(biblatex)             setting 'casechanger=expl3'.
 (C:\Users\Usuario\AppData\Local\Programs\MiKTeX\tex/latex/biblatex\blx-case-expl3.sty (C:\Users\Usuario\AppData\Local\Programs\MiKTeX\tex/latex/l3packages/xparse\xparse.sty
Package: xparse 2025-10-09 L3 Experimental document command parser
)
Package: blx-case-expl3 2025/07/10 v3.21 expl3 case changing code for biblatex
)) (C:\Users\Usuario\AppData\Local\Programs\MiKTeX\tex/latex/amsmath\amsmath.sty
Package: amsmath 2025/07/09 v2.17z AMS math features
\@mathmargin=\skip74

For additional information on amsmath, use the `?' option.
(C:\Users\Usuario\AppData\Local\Programs\MiKTeX\tex/latex/amsmath\amstext.sty
Package: amstext 2024/11/17 v2.01 AMS text
 (C:\Users\Usuario\AppData\Local\Programs\MiKTeX\tex/latex/amsmath\amsgen.sty
File: amsgen.sty 1999/11/30 v2.0 generic functions
\@emptytoks=\toks19
\ex@=\dimen172
)) (C:\Users\Usuario\AppData\Local\Programs\MiKTeX\tex/latex/amsmath\amsbsy.sty
Package: amsbsy 1999/11/29 v1.2d Bold Symbols
\pmbraise@=\dimen173
) (C:\Users\Usuario\AppData\Local\Programs\MiKTeX\tex/latex/amsmath\amsopn.sty
Package: amsopn 2022/04/08 v2.04 operator names
)
\inf@bad=\count418
LaTeX Info: Redefining \frac on input line 233.
\uproot@=\count419
\leftroot@=\count420
LaTeX Info: Redefining \overline on input line 398.
LaTeX Info: Redefining \colon on input line 409.
\classnum@=\count421
\DOTSCASE@=\count422
LaTeX Info: Redefining \ldots on input line 495.
LaTeX Info: Redefining \dots on input line 498.
LaTeX Info: Redefining \cdots on input line 619.
\Mathstrutbox@=\box55
\strutbox@=\box56
LaTeX Info: Redefining \big on input line 721.
LaTeX Info: Redefining \Big on input line 722.
LaTeX Info: Redefining \bigg on input line 723.
LaTeX Info: Redefining \Bigg on input line 724.
\big@size=\dimen174
LaTeX Font Info:    Redeclaring font encoding OML on input line 742.
LaTeX Font Info:    Redeclaring font encoding OMS on input line 743.
\macc@depth=\count423
LaTeX Info: Redefining \bmod on input line 904.
LaTeX Info: Redefining \pmod on input line 909.
LaTeX Info: Redefining \smash on input line 939.
LaTeX Info: Redefining \relbar on input line 969.
LaTeX Info: Redefining \Relbar on input line 970.
\c@MaxMatrixCols=\count424
\dotsspace@=\muskip22
\c@parentequation=\count425
\dspbrk@lvl=\count426
\tag@help=\toks20
\row@=\count427
\column@=\count428
\maxfields@=\count429
\andhelp@=\toks21
\eqnshift@=\dimen175
\alignsep@=\dimen176
\tagshift@=\dimen177
\tagwidth@=\dimen178
\totwidth@=\dimen179
\lineht@=\dimen180
\@envbody=\toks22
\multlinegap=\skip75
\multlinetaggap=\skip76
\mathdisplay@stack=\toks23
LaTeX Info: Redefining \[ on input line 2950.
LaTeX Info: Redefining \] on input line 2951.
) (C:\Users\Usuario\AppData\Local\Programs\MiKTeX\tex/latex/comment\comment.sty
\CommentStream=\write4
 Excluding comment 'comment') (C:\Users\Usuario\AppData\Local\Programs\MiKTeX\tex/latex/tools\tabularx.sty
Package: tabularx 2023/12/11 v2.12a `tabularx' package (DPC)
 (C:\Users\Usuario\AppData\Local\Programs\MiKTeX\tex/latex/tools\array.sty
Package: array 2025/09/25 v2.6n Tabular extension package (FMi)
\col@sep=\dimen181
\ar@mcellbox=\box57
\extrarowheight=\dimen182
\NC@list=\toks24
\extratabsurround=\skip77
\backup@length=\skip78
\ar@cellbox=\box58
)
\TX@col@width=\dimen183
\TX@old@table=\dimen184
\TX@old@col=\dimen185
\TX@target=\dimen186
\TX@delta=\dimen187
\TX@cols=\count430
\TX@ftn=\toks25
) (C:\Users\Usuario\AppData\Local\Programs\MiKTeX\tex/latex/caption\caption.sty
Package: caption 2023/08/05 v3.6o Customizing captions (AR)
 (C:\Users\Usuario\AppData\Local\Programs\MiKTeX\tex/latex/caption\caption3.sty
Package: caption3 2023/07/31 v2.4d caption3 kernel (AR)
\caption@tempdima=\dimen188
\captionmargin=\dimen189
\caption@leftmargin=\dimen190
\caption@rightmargin=\dimen191
\caption@width=\dimen192
\caption@indent=\dimen193
\caption@parindent=\dimen194
\caption@hangindent=\dimen195
Package caption Info: Unknown document class (or package),
(caption)             standard defaults will be used.
Package caption Info: \@makecaption = \long macro:#1#2->\ifx \@captype \@IEEEtablestring \footnotesize \bgroup \par \centering \@IEEEtabletopskipstrut {\normalfont \footnotesize #1}\\{\normalfont \footnotesize \scshape #2}\par \addvspace {0.5\baselineskip }\egroup \@IEEEtablecaptionsepspace \else \@IEEEfigurecaptionsepspace \setbox \@tempboxa \hbox {\normalfont \footnotesize {#1.}\nobreakspace \nobreakspace #2}\ifdim \wd \@tempboxa >\hsize \setbox \@tempboxa \hbox {\normalfont \footnotesize {#1.}\nobreakspace \nobreakspace }\parbox [t]{\hsize }{\normalfont \footnotesize \noindent \unhbox \@tempboxa #2}\else \ifCLASSOPTIONconference \hbox to\hsize {\normalfont \footnotesize \hfil \box \@tempboxa \hfil }\else \hbox to\hsize {\normalfont \footnotesize \box \@tempboxa \hfil }\fi \fi \fi  on input line 1175.
)

Package caption Warning: Unknown document class (or package),
(caption)                standard defaults will be used.
See the caption package documentation for explanation.

\c@caption@flags=\count431
\c@continuedfloat=\count432
) (C:\Users\Usuario\AppData\Local\Programs\MiKTeX\tex/latex/graphics\graphicx.sty
Package: graphicx 2024/12/31 v1.2e Enhanced LaTeX Graphics (DPC,SPQR)
 (C:\Users\Usuario\AppData\Local\Programs\MiKTeX\tex/latex/graphics\graphics.sty
Package: graphics 2024/08/06 v1.4g Standard LaTeX Graphics (DPC,SPQR)
 (C:\Users\Usuario\AppData\Local\Programs\MiKTeX\tex/latex/graphics\trig.sty
Package: trig 2023/12/02 v1.11 sin cos tan (DPC)
) (C:\Users\Usuario\AppData\Local\Programs\MiKTeX\tex/latex/graphics-cfg\graphics.cfg
File: graphics.cfg 2016/06/04 v1.11 sample graphics configuration
)
Package graphics Info: Driver file: pdftex.def on input line 106.
 (C:\Users\Usuario\AppData\Local\Programs\MiKTeX\tex/latex/graphics-def\pdftex.def
File: pdftex.def 2025/09/29 v1.2d Graphics/color driver for pdftex
))
\Gin@req@height=\dimen196
\Gin@req@width=\dimen197
) (C:\Users\Usuario\AppData\Local\Programs\MiKTeX\tex/latex/float\float.sty
Package: float 2001/11/08 v1.3d Float enhancements (AL)
\c@float@type=\count433
\float@exts=\toks26
\float@box=\box59
\@float@everytoks=\toks27
\@floatcapt=\box60
)
\@quotelevel=\count434
\@quotereset=\count435
 (1MV12_FE__P02_FCGM_MRAY_MVME.aux)
\openout1 = `1MV12_FE__P02_FCGM_MRAY_MVME.aux'.

LaTeX Font Info:    Checking defaults for OML/cmm/m/it on input line 62.
LaTeX Font Info:    ... okay on input line 62.
LaTeX Font Info:    Checking defaults for OMS/cmsy/m/n on input line 62.
LaTeX Font Info:    ... okay on input line 62.
LaTeX Font Info:    Checking defaults for OT1/cmr/m/n on input line 62.
LaTeX Font Info:    ... okay on input line 62.
LaTeX Font Info:    Checking defaults for T1/cmr/m/n on input line 62.
LaTeX Font Info:    ... okay on input line 62.
LaTeX Font Info:    Checking defaults for TS1/cmr/m/n on input line 62.
LaTeX Font Info:    ... okay on input line 62.
LaTeX Font Info:    Checking defaults for OMX/cmex/m/n on input line 62.
LaTeX Font Info:    ... okay on input line 62.
LaTeX Font Info:    Checking defaults for U/cmr/m/n on input line 62.
LaTeX Font Info:    ... okay on input line 62.

-- Lines per column: 58 (exact).
Package biblatex Info: Trying to load language 'english'...
Package biblatex Info: ... file 'english.lbx' found.
(C:\Users\Usuario\AppData\Local\Programs\MiKTeX\tex/latex/biblatex/lbx\english.lbx
File: english.lbx 2025/07/10 v3.21 biblatex localization (PK/MW)
)
Package biblatex Info: Input encoding 'utf8' detected.
Package biblatex Info: Automatic encoding selection.
(biblatex)             Assuming data encoding 'utf8'.
\openout3 = `1MV12_FE__P02_FCGM_MRAY_MVME.bcf'.

Package biblatex Info: Trying to load bibliographic data...
Package biblatex Info: ... file '1MV12_FE__P02_FCGM_MRAY_MVME.bbl' not found.

No file 1MV12_FE__P02_FCGM_MRAY_MVME.bbl.
Package biblatex Info: Reference section=0 on input line 62.
Package biblatex Info: Reference segment=0 on input line 62.
Package caption Info: Begin \AtBeginDocument code.
Package caption Info: float package is loaded.
Package caption Info: End \AtBeginDocument code.
(C:\Users\Usuario\AppData\Local\Programs\MiKTeX\tex/context/base/mkii\supp-pdf.mkii
[Loading MPS to PDF converter (version 2006.09.02).]
\scratchcounter=\count436
\scratchdimen=\dimen198
\scratchbox=\box61
\nofMPsegments=\count437
\nofMParguments=\count438
\everyMPshowfont=\toks28
\MPscratchCnt=\count439
\MPscratchDim=\dimen199
\MPnumerator=\count440
\makeMPintoPDFobject=\count441
\everyMPtoPDFconversion=\toks29
) (C:\Users\Usuario\AppData\Local\Programs\MiKTeX\tex/latex/epstopdf-pkg\epstopdf-base.sty
Package: epstopdf-base 2020-01-24 v2.11 Base part for package epstopdf
Package epstopdf-base Info: Redefining graphics rule for `.eps' on input line 485.
 (C:\Users\Usuario\AppData\Local\Programs\MiKTeX\tex/latex/00miktex\epstopdf-sys.cfg
File: epstopdf-sys.cfg 2021/03/18 v2.0 Configuration of epstopdf for MiKTeX
)) [1{C:/Users/Usuario/AppData/Local/MiKTeX/fonts/map/pdftex/pdftex.map}{C:/Users/Usuario/AppData/Local/Programs/MiKTeX/fonts/enc/dvips/base/8r.enc}


]
Underfull \hbox (badness 10000) in paragraph at lines 189--189
[]|\OT1/ptm/b/n/8 1N4148
 []


Underfull \hbox (badness 10000) in paragraph at lines 189--189
[]|$\OMS/cmsy/m/n/8 ^^Y$\OT1/ptm/m/n/8 0.7V (M[]ax
 []


Underfull \hbox (badness 10000) in paragraph at lines 189--189
[]|$\OMS/cmsy/m/n/8 ^^Y$\OT1/ptm/m/n/8 0.6V a 0.7V
 []


Underfull \hbox (badness 10000) in paragraph at lines 189--189
\OT1/ptm/m/n/8 (M[]ax 1V a
 []


Underfull \hbox (badness 4954) in paragraph at lines 189--189
[]|\OT1/ptm/m/n/8 3W (t[]^^Ppico con
 []


Underfull \hbox (badness 2197) in paragraph at lines 206--206
[]|\OT1/ptm/m/n/8 Ca[]^^Pda de tensi[]on muy
 []


Underfull \hbox (badness 10000) in paragraph at lines 206--206
[]|\OT1/ptm/m/n/8 Fuentes con-mu-tadas,
 []


Underfull \hbox (badness 10000) in paragraph at lines 206--206
[]|\OT1/ptm/m/n/8 Emite fo-tones cuando
 []


Underfull \hbox (badness 10000) in paragraph at lines 206--206
[]|\OT1/ptm/m/n/8 Genera cor-ri-ente al
 []


Underfull \hbox (badness 10000) in paragraph at lines 206--206
\OT1/ptm/m/n/8 vari-able me-di-ante
 []

<IMAGENES/PRUEBA.jpg, id=16, 1927.2pt x 1084.05pt>
File: IMAGENES/PRUEBA.jpg Graphic file (type jpg)
<use IMAGENES/PRUEBA.jpg>
Package pdftex.def Info: IMAGENES/PRUEBA.jpg  used on input line 216.
(pdftex.def)             Requested size: 232.19843pt x 130.6097pt.
[2 <./IMAGENES/PRUEBA.jpg>]
<IMAGENES/TRANSFORMADOR.png, id=23, 1171.37625pt x 861.2175pt>
File: IMAGENES/TRANSFORMADOR.png Graphic file (type png)
<use IMAGENES/TRANSFORMADOR.png>
Package pdftex.def Info: IMAGENES/TRANSFORMADOR.png  used on input line 263.
(pdftex.def)             Requested size: 232.19843pt x 170.71608pt.

Underfull \vbox (badness 10000) has occurred while \output is active []

LaTeX Font Info:    Trying to load font information for TS1+ptm on input line 276.
 (C:\Users\Usuario\AppData\Local\Programs\MiKTeX\tex/latex/psnfss\ts1ptm.fd
File: ts1ptm.fd 2001/06/04 font definitions for TS1/ptm.
)
<IMAGENES/Comprobacion.png, id=25, 1204.5pt x 895.345pt>
File: IMAGENES/Comprobacion.png Graphic file (type png)
<use IMAGENES/Comprobacion.png>
Package pdftex.def Info: IMAGENES/Comprobacion.png  used on input line 288.
(pdftex.def)             Requested size: 232.19843pt x 172.5901pt.

Underfull \vbox (badness 10000) has occurred while \output is active []

 [3 <./IMAGENES/TRANSFORMADOR.png>]
<IMAGENES/VoltajeResistencia.png, id=30, 1200.485pt x 883.3pt>
File: IMAGENES/VoltajeResistencia.png Graphic file (type png)
<use IMAGENES/VoltajeResistencia.png>
Package pdftex.def Info: IMAGENES/VoltajeResistencia.png  used on input line 318.
(pdftex.def)             Requested size: 232.19843pt x 170.84782pt.
<IMAGENES/Voltaje_D1.png, id=31, 1201.48875pt x 883.3pt>
File: IMAGENES/Voltaje_D1.png Graphic file (type png)
<use IMAGENES/Voltaje_D1.png>
Package pdftex.def Info: IMAGENES/Voltaje_D1.png  used on input line 362.
(pdftex.def)             Requested size: 232.19843pt x 170.69957pt.
 [4 <./IMAGENES/Comprobacion.png> <./IMAGENES/VoltajeResistencia.png>]
Underfull \hbox (badness 1694) in paragraph at lines 392--394
[]\OT1/ptm/m/n/10 Dado que cada diodo en esta con-fig-u-raci[]on con-duce
 []

<IMAGENES/CorrienteDiodo.png, id=41, 1200.485pt x 883.3pt>
File: IMAGENES/CorrienteDiodo.png Graphic file (type png)
<use IMAGENES/CorrienteDiodo.png>
Package pdftex.def Info: IMAGENES/CorrienteDiodo.png  used on input line 409.
(pdftex.def)             Requested size: 232.19843pt x 170.84782pt.
<IMAGENES/VoltajeInverso.png, id=42, 1200.485pt x 883.3pt>
File: IMAGENES/VoltajeInverso.png Graphic file (type png)
<use IMAGENES/VoltajeInverso.png>
Package pdftex.def Info: IMAGENES/VoltajeInverso.png  used on input line 426.
(pdftex.def)             Requested size: 232.19843pt x 170.84782pt.

Underfull \vbox (badness 10000) has occurred while \output is active []

 [5 <./IMAGENES/Voltaje_D1.png> <./IMAGENES/CorrienteDiodo.png>] Excluding 'comment' comment. [6 <./IMAGENES/VoltajeInverso.png>] Excluding 'comment' comment.

LaTeX Warning: Empty bibliography on input line 599.


Underfull \hbox (badness 10000) in paragraph at lines 606--607
\OT1/ptm/m/n/8 [On-line]. Avail-able: https://www.onsemi.com/pdf/datasheet/1n4001-
 []


Underfull \hbox (badness 10000) in paragraph at lines 609--610
\OT1/ptm/m/n/8 [On-line]. Avail-able: https://www.onsemi.com/pdf/datasheet/1n4148-
 []

[7] (1MV12_FE__P02_FCGM_MRAY_MVME.aux)
 ***********
LaTeX2e <2025-11-01>
L3 programming layer <2025-12-24>
 ***********
Package logreq Info: Writing requests to '1MV12_FE__P02_FCGM_MRAY_MVME.run.xml'.
\openout1 = `1MV12_FE__P02_FCGM_MRAY_MVME.run.xml'.

 ) 
Here is how much of TeX's memory you used:
 12661 strings out of 467871
 242157 string characters out of 5417409
 1092806 words of memory out of 5000000
 41416 multiletter control sequences out of 15000+600000
 670053 words of font info for 112 fonts, out of 8000000 for 9000
 1144 hyphenation exceptions out of 8191
 63i,12n,66p,1293b,807s stack positions out of 10000i,1000n,20000p,200000b,200000s
<C:/Users/Usuario/AppData/Local/Programs/MiKTeX/fonts/type1/public/amsfonts/cm/cmex10.pfb><C:/Users/Usuario/AppData/Local/Programs/MiKTeX/fonts/type1/public/amsfonts/cm/cmmi10.pfb><C:/Users/Usuario/AppData/Local/Programs/MiKTeX/fonts/type1/public/amsfonts/cm/cmmi5.pfb><C:/Users/Usuario/AppData/Local/Programs/MiKTeX/fonts/type1/public/amsfonts/cm/cmmi6.pfb><C:/Users/Usuario/AppData/Local/Programs/MiKTeX/fonts/type1/public/amsfonts/cm/cmmi7.pfb><C:/Users/Usuario/AppData/Local/Programs/MiKTeX/fonts/type1/public/amsfonts/cm/cmmi8.pfb><C:/Users/Usuario/AppData/Local/Programs/MiKTeX/fonts/type1/public/amsfonts/cm/cmmi9.pfb><C:/Users/Usuario/AppData/Local/Programs/MiKTeX/fonts/type1/public/amsfonts/cm/cmr10.pfb><C:/Users/Usuario/AppData/Local/Programs/MiKTeX/fonts/type1/public/amsfonts/cm/cmr6.pfb><C:/Users/Usuario/AppData/Local/Programs/MiKTeX/fonts/type1/public/amsfonts/cm/cmr7.pfb><C:/Users/Usuario/AppData/Local/Programs/MiKTeX/fonts/type1/public/amsfonts/cm/cmsy10.pfb><C:/Users/Usuario/AppData/Local/Programs/MiKTeX/fonts/type1/public/amsfonts/cm/cmsy6.pfb><C:/Users/Usuario/AppData/Local/Programs/MiKTeX/fonts/type1/public/amsfonts/cm/cmsy7.pfb><C:/Users/Usuario/AppData/Local/Programs/MiKTeX/fonts/type1/public/amsfonts/cm/cmsy8.pfb><C:/Users/Usuario/AppData/Local/Programs/MiKTeX/fonts/type1/urw/times/utmb8a.pfb><C:/Users/Usuario/AppData/Local/Programs/MiKTeX/fonts/type1/urw/times/utmbi8a.pfb><C:/Users/Usuario/AppData/Local/Programs/MiKTeX/fonts/type1/urw/times/utmr8a.pfb><C:/Users/Usuario/AppData/Local/Programs/MiKTeX/fonts/type1/urw/times/utmri8a.pfb>
Output written on 1MV12_FE__P02_FCGM_MRAY_MVME.pdf (7 pages, 5181022 bytes).
PDF statistics:
 130 PDF objects out of 1000 (max. 8388607)
 0 named destinations out of 1000 (max. 500000)
 36 words of extra memory for PDF output out of 10000 (max. 10000000)

